Ninja turned on status logs -- 2023-02-16 15:24:32.234999
The Following Message belonging to Ninja was deleted: 
 `hello` -- 2023-02-16 16:33:47.252207
The Following Message belonging to Ninja was deleted: 
 `<519527459620651011>` -- 2023-02-16 17:10:02.129181
The Following Message belonging to Ninja was deleted: 
 `a` -- 2023-02-25 12:48:25.673347
The Following Message belonging to Ninja was deleted: 
 `!clear 1` -- 2023-02-25 12:50:41.973027
The Following Message belonging to Ninja was deleted: 
 `!clear 3` -- 2023-02-25 13:40:34.634950
The Following Message belonging to Harmit kalal was deleted: 
 `!tweet ayush don't understand he has small pp still he wants to fuck misha` -- 2023-02-25 13:41:17.172169
The Following Message belonging to PAiN was deleted: 
 `!voice loc` -- 2023-02-25 14:37:21.602114
The Following Message belonging to Ninja was deleted: 
 `~~~~~~~~~~~~~~~~~~~~~~~~~~~~~~~~~~~~~~~~~~~~~~~~~~~~~~~~~~~~~~~~~~~~~~~~~~~~~~~~~~~~~~~~~~~~~~~~~~~~~~~~~~~~~~~~~` -- 2023-02-25 17:02:52.205094
The Following Message belonging to Ninja was deleted: 
 `~~s;.d;.~~` -- 2023-02-25 17:03:07.052439
The Following Message belonging to Ninja was deleted: 
 `11111111111111111111111111111111111111111111111111111111111111111111111111111111111111111111111111111111111111111111111111` -- 2023-02-25 17:03:30.772009
The Following Message belonging to PAiN was deleted: 
 `!voice loc` -- 2023-02-25 17:04:32.480535
The Following Message belonging to Ninja was deleted: 
 `ValueError: Callback SlashApplicationCommand ascii <function ascii_img at 0x000001F2E28717E0> is missing the interaction parameter. Please double check your function definition.` -- 2023-02-25 17:14:44.878158
The Following Message belonging to Ninja was deleted: 
 `d to 915186880746754068 : Naruto
 Connected to 937953769973497856 : HAPPY_MOnsters
 Connected to 10460113766` -- 2023-02-25 17:16:57.899762
The Following Message belonging to Ninja was deleted: 
 `+ asdad` -- 2023-02-25 17:23:32.726467
The Following Message belonging to PAiN was deleted: 
 `!say i am gay bot` -- 2023-02-26 14:49:20.392333
The Following Message belonging to PAiN was deleted: 
 `!say Bobby is fat ass nigger big black money boy` -- 2023-02-26 14:49:38.292346
The Following Message belonging to PAiN was deleted: 
 `!say Ayush weds Misha` -- 2023-02-26 14:49:49.115202
The Following Message belonging to PAiN was deleted: 
 `!say ayush small pp weds mishaa` -- 2023-02-26 14:50:10.660612
The Following Message belonging to PAiN was deleted: 
 `!say Ayush Boobies bigger than mishaa's` -- 2023-02-26 14:50:33.683690
The Following Message belonging to PAiN was deleted: 
 `!say Ayush pussy wet` -- 2023-02-26 14:51:35.892810
The Following Message belonging to PAiN was deleted: 
 `!say ayush don't understand he has small pp still he wants to fuck misha` -- 2023-02-26 14:51:56.153657
The Following Message belonging to Harmit kalal was deleted: 
 `! porn ayush` -- 2023-02-26 14:52:21.140505
The Following Message belonging to PAiN was deleted: 
 `!say mishaaahhhhhhhh` -- 2023-02-26 14:55:47.350953
The Following Message belonging to Ninja was deleted: 
 `asd` -- 2023-02-26 14:55:47.785401
The Following Message belonging to PAiN was deleted: 
 `!say mishaa aah aah aah` -- 2023-02-26 14:55:55.005953
The Following Message belonging to PAiN was deleted: 
 `!say captain randvo` -- 2023-02-26 14:56:05.848266
The Following Message belonging to PAiN was deleted: 
 `!say Ayush fatdo` -- 2023-02-26 14:56:14.836055
The Following Message belonging to PAiN was deleted: 
 `!say aayush faatdu` -- 2023-02-26 14:56:25.134366
The Following Message belonging to PAiN was deleted: 
 `!say Ayush fatass niggu` -- 2023-02-26 14:56:40.676638
The Following Message belonging to PAiN was deleted: 
 `!say Ayush big wet pussy` -- 2023-02-26 14:56:50.302873
The Following Message belonging to PAiN was deleted: 
 `!say tasty pussy` -- 2023-02-26 14:56:57.452006
The Following Message belonging to PAiN was deleted: 
 `!say Ayush boobs 10rs per killo` -- 2023-02-26 14:57:10.351144
The Following Message belonging to PAiN was deleted: 
 `!say Ayush black slave for 100rs` -- 2023-02-26 14:57:26.134881
The Following Message belonging to PAiN was deleted: 
 `!say jaane dofa taru kam kar randi jaadi` -- 2023-02-26 14:57:52.174759
The Following Message belonging to PAiN was deleted: 
 `Ayush is gay` -- 2023-02-26 14:58:23.598717
The Following Message belonging to Ninja was deleted: 
 `!clear 100` -- 2023-02-26 14:59:08.083709
The Following Message belonging to PAiN was deleted: 
 `!say lol mishaa's bones will ve cracked` -- 2023-02-26 14:59:17.328043
The Following Message belonging to Ninja was deleted: 
 `!clear 100` -- 2023-02-26 14:59:18.819026
The Following Message belonging to PAiN was deleted: 
 `!say Mishaa says boobs bigger than me` -- 2023-02-26 14:59:34.303879
The Following Message belonging to PAiN was deleted: 
 `!say hahahaha` -- 2023-02-26 14:59:43.542724
The Following Message belonging to PAiN was deleted: 
 `!say Captain nigge` -- 2023-02-26 14:59:51.564507
The Following Message belonging to PAiN was deleted: 
 `!say Ayush ass waterpark for ants` -- 2023-02-26 15:00:09.895665
The Following Message belonging to PAiN was deleted: 
 `!say Ayush says yes lick it too` -- 2023-02-26 15:00:27.569526
The Following Message belonging to PAiN was deleted: 
 `!say Ayush can feed his children some milk` -- 2023-02-26 15:00:46.700559
The Following Message belonging to CaPtaiN was deleted: 
 `!say ooga booga boobs bigger than poteto chan lol` -- 2023-02-26 15:00:59.186037
The Following Message belonging to CaPtaiN was deleted: 
 `!say jali na teri` -- 2023-02-26 15:01:29.800059
The Following Message belonging to Ninja was deleted: 
 `!clear 30` -- 2023-02-26 15:01:41.345595
The Following Message belonging to PAiN was deleted: 
 `!say boobs bigger than the whole universe` -- 2023-02-26 15:01:51.109288
The Following Message belonging to PAiN was deleted: 
 `!say his titty = earth` -- 2023-02-26 15:03:24.037098
The Following Message belonging to PAiN was deleted: 
 `!say Ayush is queen of G B Road` -- 2023-02-26 15:04:45.215709
The Following Message belonging to PAiN was deleted: 
 `!say very big pussy` -- 2023-02-26 15:06:52.768371
The Following Message belonging to PAiN was deleted: 
 `!say Ayush wear saree and go to rundi bazar and fuck 100 guys daily. So much profit from his big pussy.` -- 2023-02-26 15:07:51.320022
The Following Message belonging to PAiN was deleted: 
 `!say My developer is gay pls help me` -- 2023-02-26 15:08:25.889987
The Following Message belonging to PAiN was deleted: 
 `!say my developer is trans gender pls helop` -- 2023-02-26 15:08:49.471855
The Following Message belonging to PAiN was deleted: 
 `!say nigga na bot e` -- 2023-02-26 15:09:42.160586
The Following Message belonging to PAiN was deleted: 
 `!say ja ne piki lodi` -- 2023-02-26 15:09:57.280742
The Following Message belonging to PAiN was deleted: 
 `!say bhosdini` -- 2023-02-26 15:10:05.927469
The Following Message belonging to PAiN was deleted: 
 `!say captain fucks ayush daily` -- 2023-02-26 15:10:23.626607
The Following Message belonging to PAiN was deleted: 
 `!say ayush pussy very big..used like bunkers in army` -- 2023-02-26 15:13:21.493311
The Following Message belonging to Ninja was deleted: 
 `410321996463996930` -- 2023-02-26 15:14:11.415604
The Following Message belonging to CaPtaiN was deleted: 
 `!say <@410321996463996930>` -- 2023-02-26 15:14:18.413496
The Following Message belonging to Ninja was deleted: 
 `[asdj](self.song_url)` -- 2023-02-26 15:31:00.676363
The Following Message belonging to Ninja was deleted: 
 `!seacrh` -- 2023-02-26 15:33:58.897719
The Following Message belonging to Ninja was deleted: 
 `https://open.spotify.com/track/2IXTgz5x6xATnneJmnGihU?si=40a672b7d9a04bca` -- 2023-02-26 17:55:45.046452
The Following Message belonging to Ninja was deleted: 
 `https://open.spotify.com/track/2IXTgz5x6xATnneJmnGihU?si=40a672b7d9a04bca` -- 2023-02-26 17:56:14.814893
The Following Message belonging to Ninja was deleted: 
 `!eval print("hello world")` -- 2023-03-01 16:01:07.313351
The Following Message belonging to PAiN was deleted: 
 `!say bhavesh randii` -- 2023-03-01 16:01:07.862548
The Following Message belonging to PAiN was deleted: 
 `!say bhavesh randi` -- 2023-03-01 16:01:23.429692
The Following Message belonging to PAiN was deleted: 
 `!say chodu bhavesh` -- 2023-03-01 16:01:33.618865
The Following Message belonging to Harmit kalal was deleted: 
 `!say aush is big boobs black monkey` -- 2023-03-01 16:04:13.579411
The Following Message belonging to Ninja was deleted: 
 `!clear 10` -- 2023-03-01 16:06:47.799222
The Following Message belonging to Ninja was deleted: 
 `!seacrh Moral of the Story` -- 2023-03-01 16:37:22.486897
The Following Message belonging to Ninja was deleted: 
 `!clear 1` -- 2023-03-02 13:38:27.989244
The Following Message belonging to Ninja was deleted: 
 `!clear 1` -- 2023-03-02 13:38:34.900411
The Following Message belonging to Ninja was deleted: 
 `!clear 2` -- 2023-03-02 13:38:41.101527
The Following Message belonging to Ninja was deleted: 
 `!walle how kidnap` -- 2023-03-02 13:38:41.911095
The Following Message belonging to Ninja was deleted: 
 `!walle how kidnap hexia` -- 2023-03-02 13:38:46.220418
The Following Message belonging to Ninja was deleted: 
 `!clear 2` -- 2023-03-02 13:39:35.149488
The Following Message belonging to PAiN was deleted: 
 `!say haxa you are noob` -- 2023-03-02 14:02:38.674631
The Following Message belonging to PAiN was deleted: 
 `!say à®¨à¯€ à®’à®°à¯ à®®à¯à®Ÿà¯à®Ÿà®¾à®³à¯` -- 2023-03-02 14:04:43.607758
The Following Message belonging to Ninja was deleted: 
 `!say Hexia is so ugly, she makes a blind man cry.` -- 2023-03-02 14:06:27.617460
The Following Message belonging to Ninja was deleted: 
 `!walle do like hexia` -- 2023-03-02 14:07:03.597687
The Following Message belonging to PAiN was deleted: 
 `!say hexia is so fat the earth rotates faster when she eats` -- 2023-03-02 14:07:35.571541
The Following Message belonging to Ninja was deleted: 
 `!clear 5` -- 2023-03-02 14:09:42.179006
The Following Message belonging to Ninja was deleted: 
 `!walle roast jaymin for being gay.` -- 2023-03-02 14:43:44.914436
The Following Message belonging to Ninja was deleted: 
 `!walle you wired` -- 2023-03-02 18:12:23.290140
The Following Message belonging to Ninja was deleted: 
 `!clear 1` -- 2023-03-02 18:26:33.409277
The Following Message belonging to Ninja was deleted: 
 `!clear 5` -- 2023-03-02 22:01:31.135700
The Following Message belonging to Ninja was deleted: 
 `â–¶ï¸` -- 2023-03-04 16:24:54.873977
The Following Message belonging to PAiN was deleted: 
 `!join` -- 2023-03-04 17:43:15.809031
The Following Message belonging to PAiN was deleted: 
 `1` -- 2023-03-04 17:43:51.809266
The Following Message belonging to PAiN was deleted: 
 `!tweet  If the pregnancy test is clear, You should disappear  ~ Master Oogway.` -- 2023-03-04 17:56:33.977639
The Following Message belonging to Ninja was deleted: 
 `` -- 2023-03-04 22:31:01.742903
The Following Message belonging to Ninja was deleted: 
 `` -- 2023-03-04 22:31:06.179015
The Following Message belonging to Ninja was deleted: 
 `` -- 2023-03-04 22:31:09.317972
The Following Message belonging to Ninja was deleted: 
 `>afuijn` -- 2023-03-05 15:24:47.734611
The Following Message belonging to Ninja was deleted: 
 `!birthday-today` -- 2023-03-15 16:21:56.279137
The Following Message belonging to Ninja was deleted: 
 `!birthday-today` -- 2023-03-15 16:22:26.632619
The Following Message belonging to Ninja was deleted: 
 `<@721723269887164507>  VC` -- 2023-03-15 16:23:50.770500
The Following Message belonging to PAiN was deleted: 
 `!say ja na lavde` -- 2023-03-17 16:48:12.803741
The Following Message belonging to PAiN was deleted: 
 `!say jnl - Ja na lavde` -- 2023-03-17 16:48:25.346666
The Following Message belonging to PAiN was deleted: 
 `!say bobby gay` -- 2023-03-17 16:49:19.536029
The Following Message belonging to Ninja was deleted: 
 `!clear 100` -- 2023-05-05 18:43:15.683445
The Following Message belonging to OogaBooga was deleted: 
 `!join` -- 2023-05-07 15:27:56.368723
The Following Message belonging to oogabooga0112 was deleted: 
 `1.2` -- 2023-07-22 13:27:04.654792
The Following Message belonging to oogabooga0112 was deleted: 
 `1,2` -- 2023-07-22 13:27:08.597991
The Following Message belonging to oogabooga0112 was deleted: 
 `2,2` -- 2023-07-22 13:27:15.034225
The Following Message belonging to oogabooga0112 was deleted: 
 `3,1` -- 2023-07-22 13:27:23.768518
The Following Message belonging to oogabooga0112 was deleted: 
 `3,3` -- 2023-07-22 13:27:30.299761
The Following Message belonging to oogabooga0112 was deleted: 
 `2,3` -- 2023-07-22 13:27:36.547506
The Following Message belonging to paiiinn was deleted: 
 `!gif hentai` -- 2023-07-23 21:29:47.548674
The Following Message belonging to paiiinn was deleted: 
 `!gif hentai` -- 2023-07-23 21:29:52.242487
The Following Message belonging to paiiinn was deleted: 
 `!rating` -- 2023-07-23 21:30:20.176281
The Following Message belonging to harmit4762 was deleted: 
 `Hive is a College group chat app among students as a platform for communication and collaboration. These app enable students to connect with their peers, discuss course material, plan events, and share resources. They play a crucial role in enhancing student engagement and academic performance, and promote a sense of community among students. However, the implementation and management of these apps require careful consideration of privacy and security concerns. Effective moderation and content policies are necessary to ensure a positive and productive user experience. These apps serve as a valuable tool for fostering student communication and collaboration, but their success depends on proper management and implementation. In conclusion, college group chat apps are an important aspect of modern student life that help to facilitate communication, collaboration and build a sense of community.` -- 2023-07-24 22:43:41.537374
The Following Message belonging to meetjo656 was deleted: 
 `Web Scraping Using Beautiful Soup

Our next computer science project is Web Scraping Using Beautiful Soup. Web scraping, also known as Web crawling, scans a collection of web pages to extract raw data from the web.Â 

As computer science engineers, you can use Beautiful Soup for web scraping to collect data from web pages and store it in various formats for analysis and decision making. Beautiful Soup is a Python package for parsing HTML and XML documents and extracting data from them. It works with your favorite parser to yield idiomatic ways of searching, navigating, and modifying the parse tree.` -- 2023-07-24 22:52:39.543776
The Following Message belonging to oogabooga0112 was deleted: 
 `!warn <@914914320847077438>  GAY BOY` -- 2023-07-24 22:56:09.377657
The Following Message belonging to paiiinn was deleted: 
 `447` -- 2023-07-25 15:49:09.967979
The Following Message belonging to oogabooga0112 was deleted: 
 `460` -- 2023-07-25 15:54:06.287668
The Following Message belonging to oogabooga0112 was deleted: 
 `459` -- 2023-07-25 15:54:09.479474
The Following Message belonging to oogabooga0112 was deleted: 
 `466` -- 2023-07-25 15:57:08.453030
The Following Message belonging to oogabooga0112 was deleted: 
 `467` -- 2023-07-25 16:02:19.933490
The Following Message belonging to captain0602 was deleted: 
 `!birthday <@713405707910905916>` -- 2023-07-25 16:16:06.291512
The Following Message belonging to paiiinn was deleted: 
 `!search hath ma che whisky` -- 2023-07-25 17:18:10.159125
The Following Message belonging to oogabooga0112 was deleted: 
 `1,2` -- 2023-07-25 17:19:59.778552
The Following Message belonging to oogabooga0112 was deleted: 
 `2,3` -- 2023-07-25 17:20:05.244765
The Following Message belonging to oogabooga0112 was deleted: 
 `1,3` -- 2023-07-25 17:20:11.860492
The Following Message belonging to oogabooga0112 was deleted: 
 `1.1` -- 2023-07-25 17:20:38.563270
The Following Message belonging to oogabooga0112 was deleted: 
 `2,2` -- 2023-07-25 17:20:45.171943
The Following Message belonging to oogabooga0112 was deleted: 
 `1,3` -- 2023-07-25 17:20:50.654944
The Following Message belonging to oogabooga0112 was deleted: 
 `3,1` -- 2023-07-25 17:20:56.233472
The Following Message belonging to captain0602 was deleted: 
 `2.2` -- 2023-07-25 17:21:24.219516
The Following Message belonging to captain0602 was deleted: 
 `2.2` -- 2023-07-25 17:22:12.889514
The Following Message belonging to captain0602 was deleted: 
 `2.2` -- 2023-07-25 17:22:26.579135
The Following Message belonging to captain0602 was deleted: 
 `2_0` -- 2023-07-25 17:22:33.704675
The Following Message belonging to captain0602 was deleted: 
 `2,2` -- 2023-07-25 17:23:07.600813
The Following Message belonging to paiiinn was deleted: 
 `1,3` -- 2023-07-25 17:23:13.680905
The Following Message belonging to paiiinn was deleted: 
 `3,1` -- 2023-07-25 17:23:19.322639
The Following Message belonging to captain0602 was deleted: 
 `3,3` -- 2023-07-25 17:23:23.209691
The Following Message belonging to paiiinn was deleted: 
 `3,2` -- 2023-07-25 17:23:23.654816
The Following Message belonging to paiiinn was deleted: 
 `1,1` -- 2023-07-25 17:23:32.380297
The Following Message belonging to captain0602 was deleted: 
 `1,2` -- 2023-07-25 17:23:33.404971
The Following Message belonging to paiiinn was deleted: 
 `2,3` -- 2023-07-25 17:23:37.079991
The Following Message belonging to captain0602 was deleted: 
 `2,1` -- 2023-07-25 17:23:53.543449
The Following Message belonging to captain0602 was deleted: 
 `3,1` -- 2023-07-25 17:23:59.899427
The Following Message belonging to captain0602 was deleted: 
 `3,3` -- 2023-07-25 17:24:10.324884
The Following Message belonging to captain0602 was deleted: 
 `1,3` -- 2023-07-25 17:24:23.083543
The Following Message belonging to captain0602 was deleted: 
 `2,3` -- 2023-07-25 17:24:31.929532
The Following Message belonging to paiiinn was deleted: 
 `!play https://www.youtube.com/watch?v=W3R4GufVf6E&pp=ygUNZHVyIHRoaSBzYWxhbQ%3D%3D` -- 2023-07-25 17:24:50.079486
The Following Message belonging to paiiinn was deleted: 
 `!play https://www.youtube.com/watch?v=W3R4GufVf6E&pp=ygUNZHVyIHRoaSBzYWxhbQ%3D%3D` -- 2023-07-25 17:25:19.212679
The Following Message belonging to oogabooga0112 was deleted: 
 `https://tenor.com/view/downy-down-syndrome-huh-look-back-downs-gif-20268454` -- 2023-07-25 17:33:54.422765
The Following Message belonging to oogabooga0112 was deleted: 
 `!clear 3` -- 2023-07-25 17:34:13.340719
The Following Message belonging to oogabooga0112 was deleted: 
 `!gif  down syndrome` -- 2023-07-25 17:34:13.943028
The Following Message belonging to oogabooga0112 was deleted: 
 `!clear 5` -- 2023-07-25 17:35:44.560964
The Following Message belonging to captain0602 was deleted: 
 `!warn @Captain Goverment Spy ðŸ•µ abusing owner in vc cepten` -- 2023-07-25 17:37:07.336511
The Following Message belonging to oogabooga0112 was deleted: 
 `!clear 10` -- 2023-07-25 17:44:25.522235
The Following Message belonging to oogabooga0112 was deleted: 
 `a` -- 2023-08-08 23:21:38.600507
The Following Message belonging to oogabooga0112 was deleted: 
 `d` -- 2023-08-08 23:21:42.416772
The Following Message belonging to oogabooga0112 was deleted: 
 `y` -- 2023-08-08 23:21:46.811377
The Following Message belonging to oogabooga0112 was deleted: 
 `w` -- 2023-08-08 23:21:48.974553
The Following Message belonging to oogabooga0112 was deleted: 
 `h` -- 2023-08-08 23:21:52.886346
The Following Message belonging to oogabooga0112 was deleted: 
 `k` -- 2023-08-08 23:21:56.814656
The Following Message belonging to oogabooga0112 was deleted: 
 `q` -- 2023-08-08 23:22:05.050615
The Following Message belonging to oogabooga0112 was deleted: 
 `1,1` -- 2023-08-08 23:24:12.984432
The Following Message belonging to oogabooga0112 was deleted: 
 `1,2` -- 2023-08-08 23:24:18.035306
The Following Message belonging to oogabooga0112 was deleted: 
 `2,1` -- 2023-08-08 23:24:23.417098
The Following Message belonging to oogabooga0112 was deleted: 
 `3,1` -- 2023-08-08 23:24:29.570837
The Following Message belonging to paiiinn was deleted: 
 `!play https://www.youtube.com/watch?v=quiFb_yHQKI&ab_channel=à¤¸à¤¾DHOBAND` -- 2023-08-21 12:20:09.384418
The Following Message belonging to paiiinn was deleted: 
 `!clear 10` -- 2023-08-21 12:20:14.871252
The Following Message belonging to pandaa0804 was deleted: 
 `!say sahil love happiness` -- 2023-08-21 16:12:29.101060
The Following Message belonging to paiiinn was deleted: 
 `!clear 6` -- 2023-08-21 16:15:19.628746
The Following Message belonging to oogabooga0112 was deleted: 
 `!image slap` -- 2023-08-21 16:32:18.081293
The Following Message belonging to oogabooga0112 was deleted: 
 `!gif black guy` -- 2023-08-21 16:39:53.279752
